<?xml version="1.0" encoding="UTF-8"?>
<!-- Generated by org.testng.reporters.JUnitReportReporter -->
<testsuite name="com.hybridFramework.homepage.TestDataDriverScript" tests="2" time="0.026" ignored="0" failures="0" timestamp="30 Jul 2017 02:30:31 GMT" skipped="0" hostname="DESKTOP-DVQEPK8" errors="0">
  <testcase name="testLogin" time="0.021" classname="com.hybridFramework.homepage.TestDataDriverScript"/>
  <testcase name="testLogin" time="0.005" classname="com.hybridFramework.homepage.TestDataDriverScript"/>
</testsuite> <!-- com.hybridFramework.homepage.TestDataDriverScript -->
